2021-10-25 17:35:50.874 | INFO     |  5710 | __main__:main:50 | Starting message bus service...
2021-10-25 17:35:50.875 | INFO     |  5710 | mycroft.messagebus.load_config:load_message_bus_config:33 | Loading message bus configs
2021-10-25 17:35:50.879 | INFO     |  5710 | __main__:on_ready:37 | Message bus service started!
2021-10-25 17:35:50.947 | INFO     |  5710 | tornado.access | 101 GET /core (127.0.0.1) 0.82ms
2021-10-25 17:35:50.968 | INFO     |  5710 | tornado.access | 101 GET /core (127.0.0.1) 0.48ms
2021-10-25 17:35:51.051 | INFO     |  5710 | tornado.access | 101 GET /core (127.0.0.1) 0.60ms
2021-10-25 17:35:51.057 | INFO     |  5710 | tornado.access | 101 GET /core (127.0.0.1) 0.67ms
2021-10-25 17:35:51.204 | INFO     |  5710 | tornado.access | 101 GET /core (127.0.0.1) 0.59ms
2021-10-25 17:36:53.201 | ERROR    |  5710 | tornado.application | Uncaught exception GET /core (127.0.0.1)
HTTPServerRequest(protocol='http', host='0.0.0.0:8181', method='GET', uri='/core', version='HTTP/1.1', remote_ip='127.0.0.1')
Traceback (most recent call last):
  File "/opt/mycroft-core/.venv/lib/python3.7/site-packages/tornado/websocket.py", line 649, in _run_callback
    result = callback(*args, **kwargs)
  File "/opt/mycroft-core/mycroft/messagebus/service/event_handler.py", line 53, in on_message
    client.write_message(message)
  File "/opt/mycroft-core/.venv/lib/python3.7/site-packages/tornado/websocket.py", line 339, in write_message
    raise WebSocketClosedError()
tornado.websocket.WebSocketClosedError
2021-10-25 17:36:53.206 | ERROR    |  5710 | asyncio | Task exception was never retrieved
future: <Task finished coro=<WebSocketProtocol13.write_message.<locals>.wrapper() done, defined at /opt/mycroft-core/.venv/lib/python3.7/site-packages/tornado/websocket.py:1102> exception=WebSocketClosedError()>
Traceback (most recent call last):
  File "/opt/mycroft-core/.venv/lib/python3.7/site-packages/tornado/websocket.py", line 1104, in wrapper
    await fut
tornado.iostream.StreamClosedError: Stream is closed

During handling of the above exception, another exception occurred:

Traceback (most recent call last):
  File "/opt/mycroft-core/.venv/lib/python3.7/site-packages/tornado/websocket.py", line 1106, in wrapper
    raise WebSocketClosedError()
tornado.websocket.WebSocketClosedError
2021-10-25 17:36:58.214 | INFO     |  5710 | tornado.access | 101 GET /core (127.0.0.1) 0.58ms
2021-10-25 17:37:09.458 | INFO     |  5710 | tornado.access | 101 GET /core (127.0.0.1) 0.49ms
2021-10-25 17:37:09.475 | INFO     |  5710 | tornado.access | 101 GET /core (127.0.0.1) 0.51ms
2021-10-25 17:39:22.819 | INFO     |  5710 | __main__:on_stopping:45 | Message bus is shutting down...
